<?xml version="1.0" encoding="UTF-8"?>
<!-- Generated by org.testng.reporters.JUnitReportReporter -->
<testsuite skipped="0" hostname="DESKTOP-V123S32" name="testcases.TestC" tests="1" failures="0" timestamp="2020-04-16T16:01:25 IST" time="5.002" errors="0">
  <testcase name="testC" time="5.002" classname="testcases.TestC"/>
</testsuite> <!-- testcases.TestC -->
