<?xml version="1.0" encoding="UTF-8"?>
<!-- Generated by org.testng.reporters.JUnitReportReporter -->
<testsuite skipped="0" hostname="DESKTOP-V123S32" name="testcases.TestA" tests="2" failures="0" timestamp="2020-04-16T16:04:50 IST" time="5.026" errors="0">
  <testcase name="testA" time="5.014" classname="testcases.TestA"/>
  <testcase name="testAA" time="0.012" classname="testcases.TestA"/>
</testsuite> <!-- testcases.TestA -->
