<?xml version="1.0" encoding="UTF-8"?>
<!-- Generated by org.testng.reporters.JUnitReportReporter -->
<testsuite skipped="0" hostname="DESKTOP-V123S32" name="testcases.TestB" tests="1" failures="0" timestamp="2020-04-16T16:01:25 IST" time="5.005" errors="0">
  <testcase name="testB" time="5.005" classname="testcases.TestB"/>
</testsuite> <!-- testcases.TestB -->
